============================= test session starts ==============================
platform darwin -- Python 3.9.6, pytest-8.4.2, pluggy-1.6.0 -- /Library/Developer/CommandLineTools/usr/bin/python3
cachedir: .pytest_cache
metadata: {'Python': '3.9.6', 'Platform': 'macOS-12.7.6-x86_64-i386-64bit', 'Packages': {'pytest': '8.4.2', 'pluggy': '1.6.0'}, 'Plugins': {'metadata': '3.1.1', 'html': '4.2.0', 'Faker': '37.12.0'}}
rootdir: /Users/anujjha/Bridge-Automation.-Framework-
plugins: metadata-3.1.1, html-4.2.0, Faker-37.12.0
collecting ... collected 1 item

tests/test_registration.py::Test_001_Registration::test_registration FAILED [100%]

=================================== FAILURES ===================================
___________________ Test_001_Registration.test_registration ____________________
tests/test_registration.py:60: in test_registration
    WebDriverWait(self.driver, 15).until(EC.url_contains("eligibility"))
../Library/Python/3.9/lib/python/site-packages/selenium/webdriver/support/wait.py:138: in until
    raise TimeoutException(message, screen, stacktrace)
E   selenium.common.exceptions.TimeoutException: Message:
------------------------------ Captured log setup ------------------------------
INFO     setup:conftest.py:32 Launching Chrome browser as default
------------------------------ Captured log call -------------------------------
INFO     Test_001_Registration:test_registration.py:26 **** Starting Restored Test_001_Registration ****
INFO     Test_001_Registration:test_registration.py:44 Step 1: Basic Details
INFO     BasePage:registration_page.py:61 Checking for any modal popups...
ERROR    BasePage:base_page.py:185 Exception occurred while clicking on element: ('css selector', 'button.swal2-confirm'). Exception: Message: 
Stacktrace:
0   chromedriver                        0x000000010245c328 chromedriver + 6722344
1   chromedriver                        0x0000000102453b8a chromedriver + 6687626
2   chromedriver                        0x0000000101e61ec5 chromedriver + 454341
3   chromedriver                        0x0000000101eb69d8 chromedriver + 801240
4   chromedriver                        0x0000000101eb6d21 chromedriver + 802081
5   chromedriver                        0x0000000101f03224 chromedriver + 1114660
6   chromedriver                        0x0000000101f00381 chromedriver + 1102721
7   chromedriver                        0x0000000101ea89e1 chromedriver + 743905
8   chromedriver                        0x0000000101ea97e1 chromedriver + 747489
9   chromedriver                        0x0000000102414be1 chromedriver + 6429665
10  chromedriver                        0x0000000102418f8e chromedriver + 6446990
11  chromedriver                        0x00000001023f4369 chromedriver + 6296425
12  chromedriver                        0x00000001024199f8 chromedriver + 6449656
13  chromedriver                        0x00000001023e2a50 chromedriver + 6224464
14  chromedriver                        0x000000010243ff88 chromedriver + 6606728
15  chromedriver                        0x0000000102440142 chromedriver + 6607170
16  chromedriver                        0x0000000102453791 chromedriver + 6686609
17  libsystem_pthread.dylib             0x00007ff8032a24e1 _pthread_start + 125
18  libsystem_pthread.dylib             0x00007ff80329df6b thread_start + 15

INFO     BasePage:registration_page.py:68 No modal found to dismiss.
INFO     BasePage:base_page.py:203 Sent keys 'Lauren Gutierrez' to element with locator: ('id', 'basicdetailform-name')
INFO     BasePage:base_page.py:203 Sent keys 'Father Lauren Gutierrez' to element with locator: ('id', 'basicdetailform-father_name')
INFO     BasePage:base_page.py:203 Sent keys 'Mother Lauren Gutierrez' to element with locator: ('id', 'basicdetailform-mother_name')
INFO     BasePage:registration_page.py:35 Set DOB to '15-08-1990' using JavaScript
INFO     BasePage:base_page.py:183 Clicked on element with locator: ('id', 'basicdetailform_gender_chosen')
INFO     BasePage:base_page.py:183 Clicked on element with locator: ('xpath', "//div[@id='basicdetailform_gender_chosen']//ul[@class='chosen-results']/li[contains(text(), 'Male')]")
INFO     BasePage:registration_page.py:46 Selected gender: Male
INFO     BasePage:base_page.py:203 Sent keys '10101000101' to element with locator: ('id', 'basicdetailform-udise_code')
INFO     BasePage:base_page.py:183 Clicked on element with locator: ('id', 'verify-udise')
INFO     BasePage:registration_page.py:61 Checking for any modal popups...
INFO     BasePage:base_page.py:183 Clicked on element with locator: ('css selector', 'button.swal2-confirm')
INFO     BasePage:registration_page.py:63 Clicked OK/Confirm on modal
ERROR    BasePage:base_page.py:232 Exception while waiting for invisibility of ('css selector', 'div.swal2-container'): Message: 

ERROR    BasePage:base_page.py:185 Exception occurred while clicking on element: ('id', 'submit-basic-details'). Exception: Message: element click intercepted: Element <button type="submit" id="submit-basic-details" class="u-button secondary radius-sm text-uppercase mt-3 mr-3 minWidth" disabled="" style="background:lightblue">...</button> is not clickable at point (1156, 621). Other element would receive the click: <div class="swal2-container swal2-center swal2-backdrop-show" data-swal2-theme="light" style="overflow-y: auto;">...</div>
  (Session info: chrome=144.0.7559.132); For documentation on this error, please visit: https://www.selenium.dev/documentation/webdriver/troubleshooting/errors#elementclickinterceptedexception
Stacktrace:
0   chromedriver                        0x000000010245c328 chromedriver + 6722344
1   chromedriver                        0x0000000102453b8a chromedriver + 6687626
2   chromedriver                        0x0000000101e61ec5 chromedriver + 454341
3   chromedriver                        0x0000000101ebdde9 chromedriver + 830953
4   chromedriver                        0x0000000101ebba2b chromedriver + 821803
5   chromedriver                        0x0000000101eb8f59 chromedriver + 810841
6   chromedriver                        0x0000000101eb802c chromedriver + 806956
7   chromedriver                        0x0000000101eaaa81 chromedriver + 752257
8   chromedriver                        0x0000000101eaa3d8 chromedriver + 750552
9   chromedriver                        0x0000000101f00381 chromedriver + 1102721
10  chromedriver                        0x0000000101ea89e1 chromedriver + 743905
11  chromedriver                        0x0000000101ea97e1 chromedriver + 747489
12  chromedriver                        0x0000000102414be1 chromedriver + 6429665
13  chromedriver                        0x0000000102418f8e chromedriver + 6446990
14  chromedriver                        0x00000001023f4369 chromedriver + 6296425
15  chromedriver                        0x00000001024199f8 chromedriver + 6449656
16  chromedriver                        0x00000001023e2a50 chromedriver + 6224464
17  chromedriver                        0x000000010243ff88 chromedriver + 6606728
18  chromedriver                        0x0000000102440142 chromedriver + 6607170
19  chromedriver                        0x0000000102453791 chromedriver + 6686609
20  libsystem_pthread.dylib             0x00007ff8032a24e1 _pthread_start + 125
21  libsystem_pthread.dylib             0x00007ff80329df6b thread_start + 15

WARNING  BasePage:registration_page.py:78 Failed to click by ID (ElementClickInterceptedException), trying JS: Message: element click intercepted: Element <button type="submit" id="submit-basic-details" class="u-button secondary radius-sm text-uppercase mt-3 mr-3 minWidth" disabled="" style="background:lightblue">...</button> is not clickable at point (1156, 621). Other element would receive the click: <div class="swal2-container swal2-center swal2-backdrop-show" data-swal2-theme="light" style="overflow-y: auto;">...</div>
  (Session info: chrome=144.0.7559.132); For documentation on this error, please visit: https://www.selenium.dev/documentation/webdriver/troubleshooting/errors#elementclickinterceptedexception
Stacktrace:
0   chromedriver                        0x000000010245c328 chromedriver + 6722344
1   chromedriver                        0x0000000102453b8a chromedriver + 6687626
2   chromedriver                        0x0000000101e61ec5 chromedriver + 454341
3   chromedriver                        0x0000000101ebdde9 chromedriver + 830953
4   chromedriver                        0x0000000101ebba2b chromedriver + 821803
5   chromedriver                        0x0000000101eb8f59 chromedriver + 810841
6   chromedriver                        0x0000000101eb802c chromedriver + 806956
7   chromedriver                        0x0000000101eaaa81 chromedriver + 752257
8   chromedriver                        0x0000000101eaa3d8 chromedriver + 750552
9   chromedriver                        0x0000000101f00381 chromedriver + 1102721
10  chromedriver                        0x0000000101ea89e1 chromedriver + 743905
11  chromedriver                        0x0000000101ea97e1 chromedriver + 747489
12  chromedriver                        0x0000000102414be1 chromedriver + 6429665
13  chromedriver                        0x0000000102418f8e chromedriver + 6446990
14  chromedriver                        0x00000001023f4369 chromedriver + 6296425
15  chromedriver                        0x00000001024199f8 chromedriver + 6449656
16  chromedriver                        0x00000001023e2a50 chromedriver + 6224464
17  chromedriver                        0x000000010243ff88 chromedriver + 6606728
18  chromedriver                        0x0000000102440142 chromedriver + 6607170
19  chromedriver                        0x0000000102453791 chromedriver + 6686609
20  libsystem_pthread.dylib             0x00007ff8032a24e1 _pthread_start + 125
21  libsystem_pthread.dylib             0x00007ff80329df6b thread_start + 15

INFO     BasePage:registration_page.py:82 Clicked Continue button by ID using JS
INFO     Test_001_Registration:test_registration.py:59 Step 2: Eligibility
=============================== warnings summary ===============================
../Library/Python/3.9/lib/python/site-packages/urllib3/__init__.py:35
  /Users/anujjha/Library/Python/3.9/lib/python/site-packages/urllib3/__init__.py:35: NotOpenSSLWarning: urllib3 v2 only supports OpenSSL 1.1.1+, currently the 'ssl' module is compiled with 'LibreSSL 2.8.3'. See: https://github.com/urllib3/urllib3/issues/3020
    warnings.warn(

-- Docs: https://docs.pytest.org/en/stable/how-to/capture-warnings.html
=========================== short test summary info ============================
FAILED tests/test_registration.py::Test_001_Registration::test_registration
======================== 1 failed, 1 warning in 41.74s =========================
