============================= test session starts ==============================
platform darwin -- Python 3.9.6, pytest-8.4.2, pluggy-1.6.0 -- /Library/Developer/CommandLineTools/usr/bin/python3
cachedir: .pytest_cache
metadata: {'Python': '3.9.6', 'Platform': 'macOS-12.7.6-x86_64-i386-64bit', 'Packages': {'pytest': '8.4.2', 'pluggy': '1.6.0'}, 'Plugins': {'metadata': '3.1.1', 'html': '4.2.0', 'Faker': '37.12.0'}}
rootdir: /Users/anujjha/Bridge-Automation.-Framework-
plugins: metadata-3.1.1, html-4.2.0, Faker-37.12.0
collecting ... collected 1 item

tests/test_registration.py::Test_001_Registration::test_registration FAILED [100%]

=================================== FAILURES ===================================
___________________ Test_001_Registration.test_registration ____________________
tests/test_registration.py:105: in test_registration
    WebDriverWait(self.driver, 600).until(EC.url_contains("personal"))
../Library/Python/3.9/lib/python/site-packages/selenium/webdriver/support/wait.py:129: in until
    value = method(self._driver)
../Library/Python/3.9/lib/python/site-packages/selenium/webdriver/support/expected_conditions.py:124: in _predicate
    return url in driver.current_url
../Library/Python/3.9/lib/python/site-packages/selenium/webdriver/remote/webdriver.py:587: in current_url
    return self.execute(Command.GET_CURRENT_URL)["value"]
../Library/Python/3.9/lib/python/site-packages/selenium/webdriver/remote/webdriver.py:458: in execute
    self.error_handler.check_response(response)
../Library/Python/3.9/lib/python/site-packages/selenium/webdriver/remote/errorhandler.py:232: in check_response
    raise exception_class(message, screen, stacktrace)
E   selenium.common.exceptions.InvalidSessionIdException: Message: invalid session id: session deleted as the browser has closed the connection
E   from disconnected: not connected to DevTools
E     (Session info: chrome=144.0.7559.132); For documentation on this error, please visit: https://www.selenium.dev/documentation/webdriver/troubleshooting/errors#invalidsessionidexception
E   Stacktrace:
E   0   chromedriver                        0x0000000102697328 chromedriver + 6722344
E   1   chromedriver                        0x000000010268eb8a chromedriver + 6687626
E   2   chromedriver                        0x000000010209cec5 chromedriver + 454341
E   3   chromedriver                        0x0000000102082f0d chromedriver + 347917
E   4   chromedriver                        0x00000001020ac13c chromedriver + 516412
E   5   chromedriver                        0x0000000102121270 chromedriver + 995952
E   6   chromedriver                        0x000000010213ad68 chromedriver + 1101160
E   7   chromedriver                        0x00000001020e39e1 chromedriver + 743905
E   8   chromedriver                        0x00000001020e47e1 chromedriver + 747489
E   9   chromedriver                        0x000000010264fbe1 chromedriver + 6429665
E   10  chromedriver                        0x0000000102653f8e chromedriver + 6446990
E   11  chromedriver                        0x000000010262f369 chromedriver + 6296425
E   12  chromedriver                        0x00000001026549f8 chromedriver + 6449656
E   13  chromedriver                        0x000000010261da50 chromedriver + 6224464
E   14  chromedriver                        0x000000010267af88 chromedriver + 6606728
E   15  chromedriver                        0x000000010267b142 chromedriver + 6607170
E   16  chromedriver                        0x000000010268e791 chromedriver + 6686609
E   17  libsystem_pthread.dylib             0x00007ff8032a24e1 _pthread_start + 125
E   18  libsystem_pthread.dylib             0x00007ff80329df6b thread_start + 15
------------------------------ Captured log setup ------------------------------
INFO     setup:conftest.py:32 Launching Chrome browser as default
----------------------------- Captured stdout call -----------------------------

==================================================
ATTENTION: OTP SENT. Please enter it MANUALLY in the browser.
The script will wait up to 5 minutes for you to complete this.
==================================================
------------------------------ Captured log call -------------------------------
INFO     Test_001_Registration:test_registration.py:26 **** Starting Restored Test_001_Registration ****
INFO     Test_001_Registration:test_registration.py:44 Step 1: Basic Details
INFO     BasePage:registration_page.py:61 Checking for any modal popups...
ERROR    BasePage:base_page.py:185 Exception occurred while clicking on element: ('css selector', 'button.swal2-confirm'). Exception: Message: 
Stacktrace:
0   chromedriver                        0x0000000102697328 chromedriver + 6722344
1   chromedriver                        0x000000010268eb8a chromedriver + 6687626
2   chromedriver                        0x000000010209cec5 chromedriver + 454341
3   chromedriver                        0x00000001020f19d8 chromedriver + 801240
4   chromedriver                        0x00000001020f1d21 chromedriver + 802081
5   chromedriver                        0x000000010213e224 chromedriver + 1114660
6   chromedriver                        0x000000010213b381 chromedriver + 1102721
7   chromedriver                        0x00000001020e39e1 chromedriver + 743905
8   chromedriver                        0x00000001020e47e1 chromedriver + 747489
9   chromedriver                        0x000000010264fbe1 chromedriver + 6429665
10  chromedriver                        0x0000000102653f8e chromedriver + 6446990
11  chromedriver                        0x000000010262f369 chromedriver + 6296425
12  chromedriver                        0x00000001026549f8 chromedriver + 6449656
13  chromedriver                        0x000000010261da50 chromedriver + 6224464
14  chromedriver                        0x000000010267af88 chromedriver + 6606728
15  chromedriver                        0x000000010267b142 chromedriver + 6607170
16  chromedriver                        0x000000010268e791 chromedriver + 6686609
17  libsystem_pthread.dylib             0x00007ff8032a24e1 _pthread_start + 125
18  libsystem_pthread.dylib             0x00007ff80329df6b thread_start + 15

INFO     BasePage:registration_page.py:68 No modal found to dismiss.
INFO     BasePage:base_page.py:203 Sent keys 'Chelsea Mendoza' to element with locator: ('id', 'basicdetailform-name')
INFO     BasePage:base_page.py:203 Sent keys 'Father Chelsea Mendoza' to element with locator: ('id', 'basicdetailform-father_name')
INFO     BasePage:base_page.py:203 Sent keys 'Mother Chelsea Mendoza' to element with locator: ('id', 'basicdetailform-mother_name')
INFO     BasePage:registration_page.py:35 Set DOB to '15-08-1990' using JavaScript
INFO     BasePage:base_page.py:183 Clicked on element with locator: ('id', 'basicdetailform_gender_chosen')
INFO     BasePage:base_page.py:183 Clicked on element with locator: ('xpath', "//div[@id='basicdetailform_gender_chosen']//ul[@class='chosen-results']/li[contains(text(), 'Male')]")
INFO     BasePage:registration_page.py:46 Selected gender: Male
INFO     BasePage:base_page.py:203 Sent keys '10101000101' to element with locator: ('id', 'basicdetailform-udise_code')
INFO     BasePage:base_page.py:183 Clicked on element with locator: ('id', 'verify-udise')
INFO     BasePage:registration_page.py:61 Checking for any modal popups...
INFO     BasePage:base_page.py:183 Clicked on element with locator: ('css selector', 'button.swal2-confirm')
INFO     BasePage:registration_page.py:63 Clicked OK/Confirm on modal
INFO     BasePage:base_page.py:230 Element with locator ('css selector', 'div.swal2-container') is now invisible
INFO     BasePage:registration_page.py:61 Checking for any modal popups...
ERROR    BasePage:base_page.py:185 Exception occurred while clicking on element: ('css selector', 'button.swal2-confirm'). Exception: Message: 
Stacktrace:
0   chromedriver                        0x0000000102697328 chromedriver + 6722344
1   chromedriver                        0x000000010268eb8a chromedriver + 6687626
2   chromedriver                        0x000000010209cec5 chromedriver + 454341
3   chromedriver                        0x00000001020f19d8 chromedriver + 801240
4   chromedriver                        0x00000001020f1d21 chromedriver + 802081
5   chromedriver                        0x000000010213e224 chromedriver + 1114660
6   chromedriver                        0x000000010213b381 chromedriver + 1102721
7   chromedriver                        0x00000001020e39e1 chromedriver + 743905
8   chromedriver                        0x00000001020e47e1 chromedriver + 747489
9   chromedriver                        0x000000010264fbe1 chromedriver + 6429665
10  chromedriver                        0x0000000102653f8e chromedriver + 6446990
11  chromedriver                        0x000000010262f369 chromedriver + 6296425
12  chromedriver                        0x00000001026549f8 chromedriver + 6449656
13  chromedriver                        0x000000010261da50 chromedriver + 6224464
14  chromedriver                        0x000000010267af88 chromedriver + 6606728
15  chromedriver                        0x000000010267b142 chromedriver + 6607170
16  chromedriver                        0x000000010268e791 chromedriver + 6686609
17  libsystem_pthread.dylib             0x00007ff8032a24e1 _pthread_start + 125
18  libsystem_pthread.dylib             0x00007ff80329df6b thread_start + 15

INFO     BasePage:registration_page.py:68 No modal found to dismiss.
INFO     BasePage:registration_page.py:78 Waiting for Continue button to be enabled...
INFO     BasePage:base_page.py:183 Clicked on element with locator: ('id', 'submit-basic-details')
INFO     BasePage:registration_page.py:89 Clicked Continue button by ID
INFO     Test_001_Registration:test_registration.py:59 Step 2: Eligibility
INFO     BasePage:eligibility_page.py:21 Set Date of Appointment to '01-01-2022' using JavaScript
ERROR    BasePage:base_page.py:185 Exception occurred while clicking on element: ('xpath', "//button[@type='submit' or contains(text(), 'Continue') or contains(text(), 'Submit')]"). Exception: Message: element click intercepted: Element is not clickable at point (1156, 718)
  (Session info: chrome=144.0.7559.132); For documentation on this error, please visit: https://www.selenium.dev/documentation/webdriver/troubleshooting/errors#elementclickinterceptedexception
Stacktrace:
0   chromedriver                        0x0000000102697328 chromedriver + 6722344
1   chromedriver                        0x000000010268eb8a chromedriver + 6687626
2   chromedriver                        0x000000010209cec5 chromedriver + 454341
3   chromedriver                        0x00000001020f8de9 chromedriver + 830953
4   chromedriver                        0x00000001020f6a2b chromedriver + 821803
5   chromedriver                        0x00000001020f3f59 chromedriver + 810841
6   chromedriver                        0x00000001020f302c chromedriver + 806956
7   chromedriver                        0x00000001020e5a81 chromedriver + 752257
8   chromedriver                        0x00000001020e53d8 chromedriver + 750552
9   chromedriver                        0x000000010213b381 chromedriver + 1102721
10  chromedriver                        0x00000001020e39e1 chromedriver + 743905
11  chromedriver                        0x00000001020e47e1 chromedriver + 747489
12  chromedriver                        0x000000010264fbe1 chromedriver + 6429665
13  chromedriver                        0x0000000102653f8e chromedriver + 6446990
14  chromedriver                        0x000000010262f369 chromedriver + 6296425
15  chromedriver                        0x00000001026549f8 chromedriver + 6449656
16  chromedriver                        0x000000010261da50 chromedriver + 6224464
17  chromedriver                        0x000000010267af88 chromedriver + 6606728
18  chromedriver                        0x000000010267b142 chromedriver + 6607170
19  chromedriver                        0x000000010268e791 chromedriver + 6686609
20  libsystem_pthread.dylib             0x00007ff8032a24e1 _pthread_start + 125
21  libsystem_pthread.dylib             0x00007ff80329df6b thread_start + 15

WARNING  BasePage:eligibility_page.py:28 Standard click failed (ElementClickInterceptedException), trying JS: Message: element click intercepted: Element is not clickable at point (1156, 718)
  (Session info: chrome=144.0.7559.132); For documentation on this error, please visit: https://www.selenium.dev/documentation/webdriver/troubleshooting/errors#elementclickinterceptedexception
Stacktrace:
0   chromedriver                        0x0000000102697328 chromedriver + 6722344
1   chromedriver                        0x000000010268eb8a chromedriver + 6687626
2   chromedriver                        0x000000010209cec5 chromedriver + 454341
3   chromedriver                        0x00000001020f8de9 chromedriver + 830953
4   chromedriver                        0x00000001020f6a2b chromedriver + 821803
5   chromedriver                        0x00000001020f3f59 chromedriver + 810841
6   chromedriver                        0x00000001020f302c chromedriver + 806956
7   chromedriver                        0x00000001020e5a81 chromedriver + 752257
8   chromedriver                        0x00000001020e53d8 chromedriver + 750552
9   chromedriver                        0x000000010213b381 chromedriver + 1102721
10  chromedriver                        0x00000001020e39e1 chromedriver + 743905
11  chromedriver                        0x00000001020e47e1 chromedriver + 747489
12  chromedriver                        0x000000010264fbe1 chromedriver + 6429665
13  chromedriver                        0x0000000102653f8e chromedriver + 6446990
14  chromedriver                        0x000000010262f369 chromedriver + 6296425
15  chromedriver                        0x00000001026549f8 chromedriver + 6449656
16  chromedriver                        0x000000010261da50 chromedriver + 6224464
17  chromedriver                        0x000000010267af88 chromedriver + 6606728
18  chromedriver                        0x000000010267b142 chromedriver + 6607170
19  chromedriver                        0x000000010268e791 chromedriver + 6686609
20  libsystem_pthread.dylib             0x00007ff8032a24e1 _pthread_start + 125
21  libsystem_pthread.dylib             0x00007ff80329df6b thread_start + 15

INFO     BasePage:eligibility_page.py:31 Clicked Continue on Eligibility Details page using JS
INFO     Test_001_Registration:test_registration.py:68 Step 3: Authentication
INFO     Test_001_Registration:test_registration.py:87 Using Email: insphere.shubhamsingh+143@gmail.com and Mobile: 6268326377
INFO     BasePage:base_page.py:203 Sent keys 'insphere.shubhamsingh+143@gmail.com' to element with locator: ('id', 'authenticationform-email')
INFO     BasePage:base_page.py:203 Sent keys '6268326377' to element with locator: ('id', 'authenticationform-mobile_no')
INFO     BasePage:base_page.py:183 Clicked on element with locator: ('xpath', "//button[@type='submit' or contains(text(), 'Submit') or contains(text(), 'Send OTP') or contains(text(), 'Next') or contains(text(), 'Continue')]")
INFO     BasePage:authentication_page.py:23 Clicked Submit/Continue on Authentication page
INFO     Test_001_Registration:test_registration.py:94 Step 4: OTP Verification
INFO     Test_001_Registration:test_registration.py:103 Step 5: Personal Information
=============================== warnings summary ===============================
../Library/Python/3.9/lib/python/site-packages/urllib3/__init__.py:35
  /Users/anujjha/Library/Python/3.9/lib/python/site-packages/urllib3/__init__.py:35: NotOpenSSLWarning: urllib3 v2 only supports OpenSSL 1.1.1+, currently the 'ssl' module is compiled with 'LibreSSL 2.8.3'. See: https://github.com/urllib3/urllib3/issues/3020
    warnings.warn(

-- Docs: https://docs.pytest.org/en/stable/how-to/capture-warnings.html
=========================== short test summary info ============================
FAILED tests/test_registration.py::Test_001_Registration::test_registration
=================== 1 failed, 1 warning in 229.56s (0:03:49) ===================
